<?xml version="1.0" encoding="UTF-8"?>
<!-- Generated by org.testng.reporters.JUnitXMLReporter -->
<testsuite ignored="0" hostname="Muhammads-MBP.communityfibre.co.uk" failures="0" tests="3" name="Default test" time="22.563" errors="0" timestamp="2024-10-20T19:36:14 BST">
  <testcase classname="test.Tests.LoginTest" name="getNumbOfCoursesOnPage" time="4.228"/>
  <testcase classname="test.Tests.LoginTest" name="getNumberOfSocialMediaIcons" time="3.021"/>
  <testcase classname="test.Tests.LoginTest" name="validLoginToApp" time="9.97"/>
</testsuite> <!-- Default test -->
