<?xml version="1.0" encoding="UTF-8"?>
<!-- Generated by org.testng.reporters.JUnitXMLReporter -->
<testsuite ignored="0" hostname="Muhammads-MBP.cust.communityfibre.co.uk" failures="0" tests="3" name="Default test" time="21.074" errors="0" timestamp="2024-12-17T00:12:27 GMT">
  <testcase classname="test.Tests.LoginTest" name="getNumbOfCoursesOnPage" time="4.315"/>
  <testcase classname="test.Tests.LoginTest" name="getNumberOfSocialMediaIcons" time="3.021"/>
  <testcase classname="test.Tests.LoginTest" name="validLoginToApp" time="9.23"/>
</testsuite> <!-- Default test -->
