<?xml version="1.0" encoding="UTF-8"?>
<testng-results ignored="0" total="4" passed="4" failed="0" skipped="0">
  <reporter-output>
    <line>
      <![CDATA[seting up Browser, running before class!!]]>
    </line>
    <line>
      <![CDATA[before driver.get url!!!!!]]>
    </line>
    <line>
      <![CDATA[after driver.get url!!!!!]]>
    </line>
    <line>
      <![CDATA[https://freelance-learn-automation.vercel.app/]]>
    </line>
    <line>
      <![CDATA[Browser is up and running, running before class!!]]>
    </line>
    <line>
      <![CDATA[Browser is about to teardown, running after class!!]]>
    </line>
    <line>
      <![CDATA[Browser closed and quit!!]]>
    </line>
  </reporter-output>
  <suite started-at="2024-11-03T14:42:44 GMT" name="Suite" finished-at="2024-11-03T14:43:04 GMT" duration-ms="20567">
    <groups>
    </groups>
    <test started-at="2024-11-03T14:42:44 GMT" name="Test" finished-at="2024-11-03T14:43:04 GMT" duration-ms="20567">
      <class name="test.Tests.AddNewCatagoryTest">
        <test-method is-config="true" signature="browserSetup()[pri:0, instance:test.Tests.AddNewCatagoryTest@5038d0b5]" started-at="2024-11-03T14:42:44 GMT" name="browserSetup" finished-at="2024-11-03T14:42:48 GMT" duration-ms="4258" status="PASS">
          <reporter-output>
            <line>
              <![CDATA[seting up Browser, running before class!!]]>
            </line>
            <line>
              <![CDATA[before driver.get url!!!!!]]>
            </line>
            <line>
              <![CDATA[after driver.get url!!!!!]]>
            </line>
            <line>
              <![CDATA[https://freelance-learn-automation.vercel.app/]]>
            </line>
            <line>
              <![CDATA[Browser is up and running, running before class!!]]>
            </line>
          </reporter-output>
        </test-method> <!-- browserSetup -->
        <test-method signature="navigateToPage(java.lang.String,java.lang.String)[pri:1, instance:test.Tests.AddNewCatagoryTest@5038d0b5]" started-at="2024-11-03T14:42:49 GMT" name="navigateToPage" data-provider="TestData" finished-at="2024-11-03T14:43:00 GMT" duration-ms="10634" status="PASS">
          <params>
            <param index="0">
              <value>
                <![CDATA[admin@email.com]]>
              </value>
            </param>
            <param index="1">
              <value>
                <![CDATA[admin@123]]>
              </value>
            </param>
          </params>
          <reporter-output>
          </reporter-output>
        </test-method> <!-- navigateToPage -->
        <test-method signature="getCatagoriesDetails()[pri:2, instance:test.Tests.AddNewCatagoryTest@5038d0b5]" started-at="2024-11-03T14:43:00 GMT" name="getCatagoriesDetails" finished-at="2024-11-03T14:43:00 GMT" duration-ms="77" status="PASS">
          <reporter-output>
          </reporter-output>
        </test-method> <!-- getCatagoriesDetails -->
        <test-method signature="addNewCatagory()[pri:3, instance:test.Tests.AddNewCatagoryTest@5038d0b5]" started-at="2024-11-03T14:43:00 GMT" name="addNewCatagory" finished-at="2024-11-03T14:43:03 GMT" duration-ms="3224" status="PASS">
          <reporter-output>
          </reporter-output>
        </test-method> <!-- addNewCatagory -->
        <test-method signature="verifyAddedCatagory()[pri:4, instance:test.Tests.AddNewCatagoryTest@5038d0b5]" started-at="2024-11-03T14:43:04 GMT" name="verifyAddedCatagory" finished-at="2024-11-03T14:43:04 GMT" duration-ms="75" status="PASS">
          <reporter-output>
          </reporter-output>
        </test-method> <!-- verifyAddedCatagory -->
        <test-method is-config="true" signature="teardownBrowser()[pri:0, instance:test.Tests.AddNewCatagoryTest@5038d0b5]" started-at="2024-11-03T14:43:04 GMT" name="teardownBrowser" finished-at="2024-11-03T14:43:04 GMT" duration-ms="252" status="PASS">
          <reporter-output>
            <line>
              <![CDATA[Browser is about to teardown, running after class!!]]>
            </line>
            <line>
              <![CDATA[Browser closed and quit!!]]>
            </line>
          </reporter-output>
        </test-method> <!-- teardownBrowser -->
      </class> <!-- test.Tests.AddNewCatagoryTest -->
    </test> <!-- Test -->
  </suite> <!-- Suite -->
</testng-results>
