<?xml version="1.0" encoding="UTF-8"?>
<testng-results ignored="0" total="2" passed="2" failed="0" skipped="0">
  <reporter-output>
    <line>
      <![CDATA[seting up Browser, running before class!!]]>
    </line>
    <line>
      <![CDATA[before driver.get url!!!!!]]>
    </line>
    <line>
      <![CDATA[after driver.get url!!!!!]]>
    </line>
    <line>
      <![CDATA[https://freelance-learn-automation.vercel.app/]]>
    </line>
    <line>
      <![CDATA[Browser is up and running, running before class!!]]>
    </line>
    <line>
      <![CDATA[Browser is about to teardown, running after class!!]]>
    </line>
    <line>
      <![CDATA[Browser closed and quit!!]]>
    </line>
  </reporter-output>
  <suite started-at="2025-01-05T02:27:29 GMT" name="Default suite" finished-at="2025-01-05T02:27:49 GMT" duration-ms="19636">
    <groups>
    </groups>
    <test started-at="2025-01-05T02:27:29 GMT" name="Default test" finished-at="2025-01-05T02:27:49 GMT" duration-ms="19636">
      <class name="test.Tests.RegisterNewUserTest">
        <test-method is-config="true" signature="browserSetup()[pri:0, instance:test.Tests.RegisterNewUserTest@7dcf94f8]" started-at="2025-01-05T02:27:29 GMT" name="browserSetup" finished-at="2025-01-05T02:27:31 GMT" duration-ms="2290" status="PASS">
          <reporter-output>
            <line>
              <![CDATA[seting up Browser, running before class!!]]>
            </line>
            <line>
              <![CDATA[before driver.get url!!!!!]]>
            </line>
            <line>
              <![CDATA[after driver.get url!!!!!]]>
            </line>
            <line>
              <![CDATA[https://freelance-learn-automation.vercel.app/]]>
            </line>
            <line>
              <![CDATA[Browser is up and running, running before class!!]]>
            </line>
          </reporter-output>
        </test-method> <!-- browserSetup -->
        <test-method signature="registerNewUserWithDataProvider(java.lang.String,java.lang.String)[pri:0, instance:test.Tests.RegisterNewUserTest@7dcf94f8]" started-at="2025-01-05T02:27:32 GMT" name="registerNewUserWithDataProvider" data-provider="TestDataForAddingUser" finished-at="2025-01-05T02:27:48 GMT" duration-ms="16402" status="PASS">
          <params>
            <param index="0">
              <value>
                <![CDATA[Darryal]]>
              </value>
            </param>
            <param index="1">
              <value>
                <![CDATA[Goa]]>
              </value>
            </param>
          </params>
          <reporter-output>
          </reporter-output>
        </test-method> <!-- registerNewUserWithDataProvider -->
        <test-method signature="verifyAllFieldErrors()[pri:0, instance:test.Tests.RegisterNewUserTest@7dcf94f8]" started-at="2025-01-05T02:27:48 GMT" name="verifyAllFieldErrors" finished-at="2025-01-05T02:27:48 GMT" duration-ms="1" status="PASS">
          <reporter-output>
          </reporter-output>
        </test-method> <!-- verifyAllFieldErrors -->
        <test-method is-config="true" signature="teardownBrowser()[pri:0, instance:test.Tests.RegisterNewUserTest@7dcf94f8]" started-at="2025-01-05T02:27:48 GMT" name="teardownBrowser" finished-at="2025-01-05T02:27:49 GMT" duration-ms="149" status="PASS">
          <reporter-output>
            <line>
              <![CDATA[Browser is about to teardown, running after class!!]]>
            </line>
            <line>
              <![CDATA[Browser closed and quit!!]]>
            </line>
          </reporter-output>
        </test-method> <!-- teardownBrowser -->
      </class> <!-- test.Tests.RegisterNewUserTest -->
    </test> <!-- Default test -->
  </suite> <!-- Default suite -->
</testng-results>
